<!DOCTYPE html PUBLIC "-//W3C//DTD XHTML 1.1//EN" "http://www.w3.org/TR/xhtml11/DTD/xhtml11.dtd">
<html xmlns="http://www.w3.org/1999/xhtml"><head><title>TestNG Report</title><style type="text/css">table {margin-bottom:10px;border-collapse:collapse;empty-cells:show}th,td {border:1px solid #009;padding:.25em .5em}th {vertical-align:bottom}td {vertical-align:top}table a {font-weight:bold}.stripe td {background-color: #E6EBF9}.num {text-align:right}.passedodd td {background-color: #3F3}.passedeven td {background-color: #0A0}.skippedodd td {background-color: #DDD}.skippedeven td {background-color: #CCC}.failedodd td,.attn {background-color: #F33}.failedeven td,.stripe .attn {background-color: #D00}.stacktrace {white-space:pre;font-family:monospace}.totop {font-size:85%;text-align:center;border-bottom:2px solid #000}</style></head><body><table><tr><th>Test</th><th># Passed</th><th># Skipped</th><th># Failed</th><th>Time (ms)</th><th>Included Groups</th><th>Excluded Groups</th></tr><tr><th colspan="7">Suite Yahoo Test All Browser</th></tr><tr><th colspan="7">Account Test Suite</th></tr><tr><td><a href="#t0">translate test - GoogleChrome</a></td><td class="num">0</td><td class="num attn">1</td><td class="num">0</td><td class="num">1,506</td><td>ChromeWin32</td><td></td></tr><tr><th colspan="7">LoginLogout Test Suite</th></tr><tr class="stripe"><td><a href="#t1">translate test - GoogleChrome</a></td><td class="num">0</td><td class="num attn">1</td><td class="num">0</td><td class="num">1,511</td><td>ChromeWin32</td><td></td></tr><tr><th colspan="7">Search Test Suite</th></tr><tr><td><a href="#t2">translate test - GoogleChrome</a></td><td class="num">0</td><td class="num attn">1</td><td class="num">0</td><td class="num">2,283</td><td>ChromeWin32</td><td></td></tr><tr><th>Total</th><th class="num">0</th><th class="num attn">3</th><th class="num">0</th><th class="num">5,300</th><th colspan="2"></th></tr></table><table><thead><tr><th>Class</th><th>Method</th><th>Start</th><th>Time (ms)</th></tr></thead><tbody><tr><th colspan="4">Suite Yahoo Test All Browser</th></tr></tbody><tbody><tr><th colspan="4">Account Test Suite</th></tr></tbody><tbody id="t0"><tr><th colspan="4">translate test - GoogleChrome &#8212; failed (configuration methods)</th></tr><tr class="failedeven"><td rowspan="2">yahoo.testcase.account.YahooEditAccountInfo</td><td><a href="#m0">setUpBrowser</a></td><td rowspan="1">1642711625799</td><td rowspan="1">0</td></tr><tr class="failedeven"><td><a href="#m1">tearDown</a></td><td rowspan="1">1642711627305</td><td rowspan="1">0</td></tr><tr><th colspan="4">translate test - GoogleChrome &#8212; skipped</th></tr><tr class="skippedeven"><td rowspan="1">yahoo.testcase.account.YahooEditAccountInfo</td><td><a href="#m2">testEditAccountSingle</a></td><td rowspan="1">1642711627304</td><td rowspan="1">1</td></tr></tbody><tbody><tr><th colspan="4">LoginLogout Test Suite</th></tr></tbody><tbody id="t1"><tr><th colspan="4">translate test - GoogleChrome &#8212; failed (configuration methods)</th></tr><tr class="failedeven"><td rowspan="2">yahoo.testcase.loginlogout.YahooLoginLogout</td><td><a href="#m3">setUpBrowser</a></td><td rowspan="1">1642711624280</td><td rowspan="1">0</td></tr><tr class="failedeven"><td><a href="#m4">tearDown</a></td><td rowspan="1">1642711625790</td><td rowspan="1">0</td></tr><tr><th colspan="4">translate test - GoogleChrome &#8212; skipped</th></tr><tr class="skippedeven"><td rowspan="1">yahoo.testcase.loginlogout.YahooLoginLogout</td><td><a href="#m5">testLoginLogout</a></td><td rowspan="1">1642711625790</td><td rowspan="1">0</td></tr></tbody><tbody><tr><th colspan="4">Search Test Suite</th></tr></tbody><tbody id="t2"><tr><th colspan="4">translate test - GoogleChrome &#8212; failed (configuration methods)</th></tr><tr class="failedeven"><td rowspan="2">yahoo.testcase.search.YahooSearch</td><td><a href="#m6">setUpBrowser</a></td><td rowspan="1">1642711621976</td><td rowspan="1">0</td></tr><tr class="failedeven"><td><a href="#m7">tearDown</a></td><td rowspan="1">1642711624252</td><td rowspan="1">0</td></tr><tr><th colspan="4">translate test - GoogleChrome &#8212; skipped</th></tr><tr class="skippedeven"><td rowspan="1">yahoo.testcase.search.YahooSearch</td><td><a href="#m8">testSearch</a></td><td rowspan="1">1642711624252</td><td rowspan="1">0</td></tr></tbody></table><h2>translate test - GoogleChrome</h2><h3 id="m0">yahoo.testcase.account.YahooEditAccountInfo#setUpBrowser</h3><table class="result"><tr class="param"><th>Parameter #1</th><th>Parameter #2</th><th>Parameter #3</th><th>Parameter #4</th></tr><tr class="param stripe"><td>chrome</td><td>false</td><td>localhost</td><td>4458</td></tr><tr><th colspan="4">Exception</th></tr><tr><td colspan="4"><div class="stacktrace">org.openqa.selenium.WebDriverException: unknown error: cannot find Chrome binary
  (Driver info: chromedriver=2.27.440174 (e97a722caafc2d3a8b807ee115bfb307f7d2cfd9),platform=Windows NT 10.0.19043 x86_64) (WARNING: The server did not provide any stacktrace information)
Command duration or timeout: 542 milliseconds
Build info: version: &apos;2.53.1&apos;, revision: &apos;a36b8b1cd5757287168e54b817830adce9b0158d&apos;, time: &apos;2016-06-30 19:26:09&apos;
System info: host: &apos;PRFT-16789&apos;, ip: &apos;10.128.203.3&apos;, os.name: &apos;Windows 10&apos;, os.arch: &apos;amd64&apos;, os.version: &apos;10.0&apos;, java.version: &apos;1.8.0_311&apos;
Driver info: org.openqa.selenium.chrome.ChromeDriver
	at org.openqa.selenium.remote.ErrorHandler.createThrowable(ErrorHandler.java:206)
	at org.openqa.selenium.remote.ErrorHandler.throwIfResponseFailed(ErrorHandler.java:158)
	at org.openqa.selenium.remote.RemoteWebDriver.execute(RemoteWebDriver.java:678)
	at org.openqa.selenium.remote.RemoteWebDriver.startSession(RemoteWebDriver.java:249)
	at org.openqa.selenium.remote.RemoteWebDriver.&lt;init&gt;(RemoteWebDriver.java:131)
	at org.openqa.selenium.remote.RemoteWebDriver.&lt;init&gt;(RemoteWebDriver.java:144)
	at org.openqa.selenium.chrome.ChromeDriver.&lt;init&gt;(ChromeDriver.java:170)
	at org.openqa.selenium.chrome.ChromeDriver.&lt;init&gt;(ChromeDriver.java:159)
	at org.openqa.selenium.chrome.ChromeDriver.&lt;init&gt;(ChromeDriver.java:116)
	at util.TestCaseBase.setUpChromeWin32(TestCaseBase.java:301)
	at util.TestCaseBase.selectBrowser(TestCaseBase.java:76)
	at util.TestCaseBase.setUpBrowser(TestCaseBase.java:62)
... Removed 34 stack frames</div></td></tr></table><p class="totop"><a href="#summary">back to summary</a></p><h3 id="m1">yahoo.testcase.account.YahooEditAccountInfo#tearDown</h3><table class="result"><tr><th>Exception</th></tr><tr><td><div class="stacktrace">java.lang.NullPointerException
	at util.TestCaseBase.tearDown(TestCaseBase.java:224)
... Removed 30 stack frames</div></td></tr></table><p class="totop"><a href="#summary">back to summary</a></p><h3 id="m2">yahoo.testcase.account.YahooEditAccountInfo#testEditAccountSingle</h3><table class="result"></table><p class="totop"><a href="#summary">back to summary</a></p><h2>translate test - GoogleChrome</h2><h3 id="m3">yahoo.testcase.loginlogout.YahooLoginLogout#setUpBrowser</h3><table class="result"><tr class="param"><th>Parameter #1</th><th>Parameter #2</th><th>Parameter #3</th><th>Parameter #4</th></tr><tr class="param stripe"><td>chrome</td><td>false</td><td>localhost</td><td>4458</td></tr><tr><th colspan="4">Exception</th></tr><tr><td colspan="4"><div class="stacktrace">org.openqa.selenium.WebDriverException: unknown error: cannot find Chrome binary
  (Driver info: chromedriver=2.27.440174 (e97a722caafc2d3a8b807ee115bfb307f7d2cfd9),platform=Windows NT 10.0.19043 x86_64) (WARNING: The server did not provide any stacktrace information)
Command duration or timeout: 541 milliseconds
Build info: version: &apos;2.53.1&apos;, revision: &apos;a36b8b1cd5757287168e54b817830adce9b0158d&apos;, time: &apos;2016-06-30 19:26:09&apos;
System info: host: &apos;PRFT-16789&apos;, ip: &apos;10.128.203.3&apos;, os.name: &apos;Windows 10&apos;, os.arch: &apos;amd64&apos;, os.version: &apos;10.0&apos;, java.version: &apos;1.8.0_311&apos;
Driver info: org.openqa.selenium.chrome.ChromeDriver
	at org.openqa.selenium.remote.ErrorHandler.createThrowable(ErrorHandler.java:206)
	at org.openqa.selenium.remote.ErrorHandler.throwIfResponseFailed(ErrorHandler.java:158)
	at org.openqa.selenium.remote.RemoteWebDriver.execute(RemoteWebDriver.java:678)
	at org.openqa.selenium.remote.RemoteWebDriver.startSession(RemoteWebDriver.java:249)
	at org.openqa.selenium.remote.RemoteWebDriver.&lt;init&gt;(RemoteWebDriver.java:131)
	at org.openqa.selenium.remote.RemoteWebDriver.&lt;init&gt;(RemoteWebDriver.java:144)
	at org.openqa.selenium.chrome.ChromeDriver.&lt;init&gt;(ChromeDriver.java:170)
	at org.openqa.selenium.chrome.ChromeDriver.&lt;init&gt;(ChromeDriver.java:159)
	at org.openqa.selenium.chrome.ChromeDriver.&lt;init&gt;(ChromeDriver.java:116)
	at util.TestCaseBase.setUpChromeWin32(TestCaseBase.java:301)
	at util.TestCaseBase.selectBrowser(TestCaseBase.java:76)
	at util.TestCaseBase.setUpBrowser(TestCaseBase.java:62)
... Removed 34 stack frames</div></td></tr></table><p class="totop"><a href="#summary">back to summary</a></p><h3 id="m4">yahoo.testcase.loginlogout.YahooLoginLogout#tearDown</h3><table class="result"><tr><th>Exception</th></tr><tr><td><div class="stacktrace">java.lang.NullPointerException
	at util.TestCaseBase.tearDown(TestCaseBase.java:224)
... Removed 30 stack frames</div></td></tr></table><p class="totop"><a href="#summary">back to summary</a></p><h3 id="m5">yahoo.testcase.loginlogout.YahooLoginLogout#testLoginLogout</h3><table class="result"></table><p class="totop"><a href="#summary">back to summary</a></p><h2>translate test - GoogleChrome</h2><h3 id="m6">yahoo.testcase.search.YahooSearch#setUpBrowser</h3><table class="result"><tr class="param"><th>Parameter #1</th><th>Parameter #2</th><th>Parameter #3</th><th>Parameter #4</th></tr><tr class="param stripe"><td>chrome</td><td>false</td><td>localhost</td><td>4458</td></tr><tr><th colspan="4">Exception</th></tr><tr><td colspan="4"><div class="stacktrace">org.openqa.selenium.WebDriverException: unknown error: cannot find Chrome binary
  (Driver info: chromedriver=2.27.440174 (e97a722caafc2d3a8b807ee115bfb307f7d2cfd9),platform=Windows NT 10.0.19043 x86_64) (WARNING: The server did not provide any stacktrace information)
Command duration or timeout: 648 milliseconds
Build info: version: &apos;2.53.1&apos;, revision: &apos;a36b8b1cd5757287168e54b817830adce9b0158d&apos;, time: &apos;2016-06-30 19:26:09&apos;
System info: host: &apos;PRFT-16789&apos;, ip: &apos;10.128.203.3&apos;, os.name: &apos;Windows 10&apos;, os.arch: &apos;amd64&apos;, os.version: &apos;10.0&apos;, java.version: &apos;1.8.0_311&apos;
Driver info: org.openqa.selenium.chrome.ChromeDriver
	at org.openqa.selenium.remote.ErrorHandler.createThrowable(ErrorHandler.java:206)
	at org.openqa.selenium.remote.ErrorHandler.throwIfResponseFailed(ErrorHandler.java:158)
	at org.openqa.selenium.remote.RemoteWebDriver.execute(RemoteWebDriver.java:678)
	at org.openqa.selenium.remote.RemoteWebDriver.startSession(RemoteWebDriver.java:249)
	at org.openqa.selenium.remote.RemoteWebDriver.&lt;init&gt;(RemoteWebDriver.java:131)
	at org.openqa.selenium.remote.RemoteWebDriver.&lt;init&gt;(RemoteWebDriver.java:144)
	at org.openqa.selenium.chrome.ChromeDriver.&lt;init&gt;(ChromeDriver.java:170)
	at org.openqa.selenium.chrome.ChromeDriver.&lt;init&gt;(ChromeDriver.java:159)
	at org.openqa.selenium.chrome.ChromeDriver.&lt;init&gt;(ChromeDriver.java:116)
	at util.TestCaseBase.setUpChromeWin32(TestCaseBase.java:301)
	at util.TestCaseBase.selectBrowser(TestCaseBase.java:76)
	at util.TestCaseBase.setUpBrowser(TestCaseBase.java:62)
... Removed 34 stack frames</div></td></tr></table><p class="totop"><a href="#summary">back to summary</a></p><h3 id="m7">yahoo.testcase.search.YahooSearch#tearDown</h3><table class="result"><tr><th>Exception</th></tr><tr><td><div class="stacktrace">java.lang.NullPointerException
	at util.TestCaseBase.tearDown(TestCaseBase.java:224)
... Removed 30 stack frames</div></td></tr></table><p class="totop"><a href="#summary">back to summary</a></p><h3 id="m8">yahoo.testcase.search.YahooSearch#testSearch</h3><table class="result"></table><p class="totop"><a href="#summary">back to summary</a></p></body></html>